0 info it worked if it ends with ok
1 verbose cli [ '/usr/local/bin/node', '/usr/local/bin/npm', 'run', 'deploy' ]
2 info using npm@3.10.10
3 info using node@v6.11.2
4 verbose run-script [ 'predeploy', 'deploy', 'postdeploy' ]
5 info lifecycle asteroids@1.0.0~predeploy: asteroids@1.0.0
6 verbose lifecycle asteroids@1.0.0~predeploy: unsafe-perm in lifecycle true
7 verbose lifecycle asteroids@1.0.0~predeploy: PATH: /usr/local/lib/node_modules/npm/bin/node-gyp-bin:/Users/benjamin/Documents/CIS 580/asteroids/node_modules/.bin:/usr/local/Cellar/smlnj/110.74/libexec/bin:/usr/local/bin:/usr/bin:/bin:/usr/sbin:/sbin:/opt/X11/bin
8 verbose lifecycle asteroids@1.0.0~predeploy: CWD: /Users/benjamin/Documents/CIS 580/asteroids
9 silly lifecycle asteroids@1.0.0~predeploy: Args: [ '-c', 'npm run build' ]
10 silly lifecycle asteroids@1.0.0~predeploy: Returned: code: 0  signal: null
11 info lifecycle asteroids@1.0.0~deploy: asteroids@1.0.0
12 verbose lifecycle asteroids@1.0.0~deploy: unsafe-perm in lifecycle true
13 verbose lifecycle asteroids@1.0.0~deploy: PATH: /usr/local/lib/node_modules/npm/bin/node-gyp-bin:/Users/benjamin/Documents/CIS 580/asteroids/node_modules/.bin:/usr/local/Cellar/smlnj/110.74/libexec/bin:/usr/local/bin:/usr/bin:/bin:/usr/sbin:/sbin:/opt/X11/bin
14 verbose lifecycle asteroids@1.0.0~deploy: CWD: /Users/benjamin/Documents/CIS 580/asteroids
15 silly lifecycle asteroids@1.0.0~deploy: Args: [ '-c', 'gh-pages -d build' ]
16 info lifecycle asteroids@1.0.0~deploy: Failed to exec deploy script
17 verbose stack Error: asteroids@1.0.0 deploy: `gh-pages -d build`
17 verbose stack spawn ENOENT
17 verbose stack     at ChildProcess.<anonymous> (/usr/local/lib/node_modules/npm/lib/utils/spawn.js:33:16)
17 verbose stack     at emitTwo (events.js:106:13)
17 verbose stack     at ChildProcess.emit (events.js:191:7)
17 verbose stack     at maybeClose (internal/child_process.js:891:16)
17 verbose stack     at Process.ChildProcess._handle.onexit (internal/child_process.js:226:5)
18 verbose pkgid asteroids@1.0.0
19 verbose cwd /Users/benjamin/Documents/CIS 580/asteroids
20 error Darwin 16.7.0
21 error argv "/usr/local/bin/node" "/usr/local/bin/npm" "run" "deploy"
22 error node v6.11.2
23 error npm  v3.10.10
24 error file sh
25 error code ELIFECYCLE
26 error errno ENOENT
27 error syscall spawn
28 error asteroids@1.0.0 deploy: `gh-pages -d build`
28 error spawn ENOENT
29 error Failed at the asteroids@1.0.0 deploy script 'gh-pages -d build'.
29 error Make sure you have the latest version of node.js and npm installed.
29 error If you do, this is most likely a problem with the asteroids package,
29 error not with npm itself.
29 error Tell the author that this fails on your system:
29 error     gh-pages -d build
29 error You can get information on how to open an issue for this project with:
29 error     npm bugs asteroids
29 error Or if that isn't available, you can get their info via:
29 error     npm owner ls asteroids
29 error There is likely additional logging output above.
30 verbose exit [ 1, true ]
